This is pdfTeX, Version 3.141592653-2.6-1.40.28 (TeX Live 2025) (preloaded format=pdflatex 2025.6.10)  7 JUN 2026 20:14
entering extended mode
 restricted \write18 enabled.
 file:line:error style messages enabled.
 %&-line parsing enabled.
**c:/Users/janas/RL_final_project/poster/poster.tex
(c:/Users/janas/RL_final_project/poster/poster.tex
LaTeX2e <2025-06-01>
L3 programming layer <2025-05-26>

! LaTeX Error: File `beamer.cls' not found.

Type X to quit or <RETURN> to proceed,
or enter new name. (Default extension: cls)

Enter file name: 
c:/Users/janas/RL_final_project/poster/poster.tex:8: Emergency stop.
<read *> 
         
l.8 ^^M
       
*** (cannot \read from terminal in nonstop modes)

 
Here is how much of TeX's memory you used:
 20 strings out of 469872
 527 string characters out of 5482280
 425007 words of memory out of 5000000
 28414 multiletter control sequences out of 15000+600000
 626825 words of font info for 40 fonts, out of 8000000 for 9000
 14 hyphenation exceptions out of 8191
 19i,0n,29p,146b,17s stack positions out of 10000i,1000n,20000p,200000b,200000s
c:/Users/janas/RL_final_project/poster/poster.tex:8:  ==> Fatal error occurred, no output PDF file produced!
